-------------------------------------------------------------------------------
Test set: com.cranberry.chatroom.dao.AccountDaoTest
-------------------------------------------------------------------------------
Tests run: 2, Failures: 1, Errors: 0, Skipped: 0, Time elapsed: 1.523 s <<< FAILURE! - in com.cranberry.chatroom.dao.AccountDaoTest
userRegister(com.cranberry.chatroom.dao.AccountDaoTest)  Time elapsed: 0.915 s  <<< FAILURE!
java.lang.AssertionError: expected:<true> but was:<false>
	at com.cranberry.chatroom.dao.AccountDaoTest.userRegister(AccountDaoTest.java:25)

