<?xml version="1.0" encoding="UTF-8"?>
<testsuite xmlns:xsi="http://www.w3.org/2001/XMLSchema-instance" xsi:noNamespaceSchemaLocation="https://maven.apache.org/surefire/maven-surefire-plugin/xsd/surefire-test-report.xsd" name="com.cranberry.chatroom.dao.AccountDaoTest" time="1.523" tests="2" errors="0" skipped="0" failures="1">
  <properties>
[...]
</properties>
  <testcase name="userRegister" classname="com.cranberry.chatroom.dao.AccountDaoTest" time="0.915">
    <failure message="expected:&lt;true&gt; but was:&lt;false&gt;" type="java.lang.AssertionError"><![CDATA[java.lang.AssertionError: expected:<true> but was:<false>
	at com.cranberry.chatroom.dao.AccountDaoTest.userRegister(AccountDaoTest.java:25)
]]></failure>
    <system-err><![CDATA[八月 13, 2019 6:55:22 下午 com.alibaba.druid.pool.DruidDataSource info
信息: {dataSource-1} inited
用户注册失败
]]></system-err>
  </testcase>
  <testcase name="userLogin" classname="com.cranberry.chatroom.dao.AccountDaoTest" time="0"/>
</testsuite>